
> moon-ui-docs@1.1.0 build-storybook
> storybook build --output-dir=/var/folders/9z/5zpdwptd70v0449nq3r8jn4w0000gp/T/chromatic--93362-tpleRl1PwXgL

[1mstorybook v9.1.1
[22m
info => Cleaning outputDir: [36m../../../../../var/folders/9z/5zpdwptd70v0449nq3r8jn4w0000gp/T/chromatic--93362-tpleRl1PwXgL[39m
info => Loading presets
info => Building manager..
info => Building preview..
[36mvite v7.1.0 [32mbuilding for production...[36m[39m
transforming...
info => Copying static files: [36mstories/assets[39m at [36m../../../../../var/folders/9z/5zpdwptd70v0449nq3r8jn4w0000gp/T/chromatic--93362-tpleRl1PwXgL[39m
[32m✓[39m 173 modules transformed.
rendering chunks...
computing gzip size...
[2m../../../../../var/folders/9z/5zpdwptd70v0449nq3r8jn4w0000gp/T/chromatic--93362-tpleRl1PwXgL/[22m[32miframe.html                                  [39m[1m[2m   18.22 kB[22m[1m[22m[2m │ gzip:   5.16 kB[22m
[2m../../../../../var/folders/9z/5zpdwptd70v0449nq3r8jn4w0000gp/T/chromatic--93362-tpleRl1PwXgL/[22m[2massets/[22m[35miframe-Btp_gSgd.css                   [39m[1m[2m  168.46 kB[22m[1m[22m[2m │ gzip:  20.36 kB[22m
[2m../../../../../var/folders/9z/5zpdwptd70v0449nq3r8jn4w0000gp/T/chromatic--93362-tpleRl1PwXgL/[22m[2massets/[22m[36mjoinClassnames-CPymqmKP.js            [39m[1m[2m    0.06 kB[22m[1m[22m[2m │ gzip:   0.08 kB[22m
[2m../../../../../var/folders/9z/5zpdwptd70v0449nq3r8jn4w0000gp/T/chromatic--93362-tpleRl1PwXgL/[22m[2massets/[22m[36mgetChildren-Bp76MxS-.js               [39m[1m[2m    0.38 kB[22m[1m[22m[2m │ gzip:   0.24 kB[22m
[2m../../../../../var/folders/9z/5zpdwptd70v0449nq3r8jn4w0000gp/T/chromatic--93362-tpleRl1PwXgL/[22m[2massets/[22m[36mindex-Dt1DjZPe.js                     [39m[1m[2m    0.46 kB[22m[1m[22m[2m │ gzip:   0.30 kB[22m
[2m../../../../../var/folders/9z/5zpdwptd70v0449nq3r8jn4w0000gp/T/chromatic--93362-tpleRl1PwXgL/[22m[2massets/[22m[36mcloseIcon-BvfU12L5.js                 [39m[1m[2m    0.71 kB[22m[1m[22m[2m │ gzip:   0.33 kB[22m
[2m../../../../../var/folders/9z/5zpdwptd70v0449nq3r8jn4w0000gp/T/chromatic--93362-tpleRl1PwXgL/[22m[2massets/[22m[36mBadge.stories-CzNSssqj.js             [39m[1m[2m    0.80 kB[22m[1m[22m[2m │ gzip:   0.49 kB[22m
[2m../../../../../var/folders/9z/5zpdwptd70v0449nq3r8jn4w0000gp/T/chromatic--93362-tpleRl1PwXgL/[22m[2massets/[22m[36mDropdown.stories-DFbXA7t9.js          [39m[1m[2m    0.81 kB[22m[1m[22m[2m │ gzip:   0.49 kB[22m
[2m../../../../../var/folders/9z/5zpdwptd70v0449nq3r8jn4w0000gp/T/chromatic--93362-tpleRl1PwXgL/[22m[2massets/[22m[36mLoader.stories-Blgkv-d3.js            [39m[1m[2m    0.85 kB[22m[1m[22m[2m │ gzip:   0.53 kB[22m
[2m../../../../../var/folders/9z/5zpdwptd70v0449nq3r8jn4w0000gp/T/chromatic--93362-tpleRl1PwXgL/[22m[2massets/[22m[36mPlaceholder.stories-irfRqau5.js       [39m[1m[2m    0.87 kB[22m[1m[22m[2m │ gzip:   0.51 kB[22m
[2m../../../../../var/folders/9z/5zpdwptd70v0449nq3r8jn4w0000gp/T/chromatic--93362-tpleRl1PwXgL/[22m[2massets/[22m[36mBreadcrumb.stories-BfJk8i6J.js        [39m[1m[2m    1.03 kB[22m[1m[22m[2m │ gzip:   0.58 kB[22m
[2m../../../../../var/folders/9z/5zpdwptd70v0449nq3r8jn4w0000gp/T/chromatic--93362-tpleRl1PwXgL/[22m[2massets/[22m[36mCircularProgress.stories-Da9e73bF.js  [39m[1m[2m    1.11 kB[22m[1m[22m[2m │ gzip:   0.63 kB[22m
[2m../../../../../var/folders/9z/5zpdwptd70v0449nq3r8jn4w0000gp/T/chromatic--93362-tpleRl1PwXgL/[22m[2massets/[22m[36mSwitch.stories-CSbbt3hP.js            [39m[1m[2m    1.16 kB[22m[1m[22m[2m │ gzip:   0.64 kB[22m
[2m../../../../../var/folders/9z/5zpdwptd70v0449nq3r8jn4w0000gp/T/chromatic--93362-tpleRl1PwXgL/[22m[2massets/[22m[36mpreload-helper-D9Z9MdNV.js            [39m[1m[2m    1.23 kB[22m[1m[22m[2m │ gzip:   0.72 kB[22m
[2m../../../../../var/folders/9z/5zpdwptd70v0449nq3r8jn4w0000gp/T/chromatic--93362-tpleRl1PwXgL/[22m[2massets/[22m[36mIconButton.stories-CLxt1zMP.js        [39m[1m[2m    1.31 kB[22m[1m[22m[2m │ gzip:   0.72 kB[22m
[2m../../../../../var/folders/9z/5zpdwptd70v0449nq3r8jn4w0000gp/T/chromatic--93362-tpleRl1PwXgL/[22m[2massets/[22m[36mTooltip.stories-DPyxxlHN.js           [39m[1m[2m    1.41 kB[22m[1m[22m[2m │ gzip:   0.71 kB[22m
[2m../../../../../var/folders/9z/5zpdwptd70v0449nq3r8jn4w0000gp/T/chromatic--93362-tpleRl1PwXgL/[22m[2massets/[22m[36mAccordion.stories-Bo5zf5I3.js         [39m[1m[2m    1.41 kB[22m[1m[22m[2m │ gzip:   0.71 kB[22m
[2m../../../../../var/folders/9z/5zpdwptd70v0449nq3r8jn4w0000gp/T/chromatic--93362-tpleRl1PwXgL/[22m[2massets/[22m[36mTag.stories-J3zexh0d.js               [39m[1m[2m    1.47 kB[22m[1m[22m[2m │ gzip:   0.75 kB[22m
[2m../../../../../var/folders/9z/5zpdwptd70v0449nq3r8jn4w0000gp/T/chromatic--93362-tpleRl1PwXgL/[22m[2massets/[22m[36mRadio.stories-BzdEmlR7.js             [39m[1m[2m    1.50 kB[22m[1m[22m[2m │ gzip:   0.71 kB[22m
[2m../../../../../var/folders/9z/5zpdwptd70v0449nq3r8jn4w0000gp/T/chromatic--93362-tpleRl1PwXgL/[22m[2massets/[22m[36mTable.stories-dR50Y8s9.js             [39m[1m[2m    1.51 kB[22m[1m[22m[2m │ gzip:   0.75 kB[22m
[2m../../../../../var/folders/9z/5zpdwptd70v0449nq3r8jn4w0000gp/T/chromatic--93362-tpleRl1PwXgL/[22m[2massets/[22m[36mPagination.stories--OGmf41g.js        [39m[1m[2m    1.56 kB[22m[1m[22m[2m │ gzip:   0.74 kB[22m
[2m../../../../../var/folders/9z/5zpdwptd70v0449nq3r8jn4w0000gp/T/chromatic--93362-tpleRl1PwXgL/[22m[2massets/[22m[36mMenu.stories-D05SKoIj.js              [39m[1m[2m    1.56 kB[22m[1m[22m[2m │ gzip:   0.81 kB[22m
[2m../../../../../var/folders/9z/5zpdwptd70v0449nq3r8jn4w0000gp/T/chromatic--93362-tpleRl1PwXgL/[22m[2massets/[22m[36mList.stories-LQXh8qxX.js              [39m[1m[2m    1.56 kB[22m[1m[22m[2m │ gzip:   0.81 kB[22m
[2m../../../../../var/folders/9z/5zpdwptd70v0449nq3r8jn4w0000gp/T/chromatic--93362-tpleRl1PwXgL/[22m[2massets/[22m[36mLinearProgress.stories-DKHhubfZ.js    [39m[1m[2m    1.60 kB[22m[1m[22m[2m │ gzip:   0.79 kB[22m
[2m../../../../../var/folders/9z/5zpdwptd70v0449nq3r8jn4w0000gp/T/chromatic--93362-tpleRl1PwXgL/[22m[2massets/[22m[36mButton.stories-BHqvR7gR.js            [39m[1m[2m    1.61 kB[22m[1m[22m[2m │ gzip:   0.79 kB[22m
[2m../../../../../var/folders/9z/5zpdwptd70v0449nq3r8jn4w0000gp/T/chromatic--93362-tpleRl1PwXgL/[22m[2massets/[22m[36mChip.stories-RuKL8WRn.js              [39m[1m[2m    1.64 kB[22m[1m[22m[2m │ gzip:   0.79 kB[22m
[2m../../../../../var/folders/9z/5zpdwptd70v0449nq3r8jn4w0000gp/T/chromatic--93362-tpleRl1PwXgL/[22m[2massets/[22m[36mTabList.stories-BnqGV1Lq.js           [39m[1m[2m    1.69 kB[22m[1m[22m[2m │ gzip:   0.85 kB[22m
[2m../../../../../var/folders/9z/5zpdwptd70v0449nq3r8jn4w0000gp/T/chromatic--93362-tpleRl1PwXgL/[22m[2massets/[22m[36mCheckbox.stories-BxTXMHJN.js          [39m[1m[2m    1.75 kB[22m[1m[22m[2m │ gzip:   0.78 kB[22m
[2m../../../../../var/folders/9z/5zpdwptd70v0449nq3r8jn4w0000gp/T/chromatic--93362-tpleRl1PwXgL/[22m[2massets/[22m[36mSnackbar.stories-B_zuqtnd.js          [39m[1m[2m    1.82 kB[22m[1m[22m[2m │ gzip:   0.81 kB[22m
[2m../../../../../var/folders/9z/5zpdwptd70v0449nq3r8jn4w0000gp/T/chromatic--93362-tpleRl1PwXgL/[22m[2massets/[22m[36mSelect.stories-C_7OJswa.js            [39m[1m[2m    1.82 kB[22m[1m[22m[2m │ gzip:   0.85 kB[22m
[2m../../../../../var/folders/9z/5zpdwptd70v0449nq3r8jn4w0000gp/T/chromatic--93362-tpleRl1PwXgL/[22m[2massets/[22m[36mSegmentedControl.stories-CgmwqHYa.js  [39m[1m[2m    1.85 kB[22m[1m[22m[2m │ gzip:   0.87 kB[22m
[2m../../../../../var/folders/9z/5zpdwptd70v0449nq3r8jn4w0000gp/T/chromatic--93362-tpleRl1PwXgL/[22m[2massets/[22m[36mTextarea.stories-DB2Jk4BG.js          [39m[1m[2m    1.86 kB[22m[1m[22m[2m │ gzip:   0.83 kB[22m
[2m../../../../../var/folders/9z/5zpdwptd70v0449nq3r8jn4w0000gp/T/chromatic--93362-tpleRl1PwXgL/[22m[2massets/[22m[36mInput.stories-DD7XvpL0.js             [39m[1m[2m    1.88 kB[22m[1m[22m[2m │ gzip:   0.84 kB[22m
[2m../../../../../var/folders/9z/5zpdwptd70v0449nq3r8jn4w0000gp/T/chromatic--93362-tpleRl1PwXgL/[22m[2massets/[22m[36mLinksBlock-CqbCf-JA.js                [39m[1m[2m    2.00 kB[22m[1m[22m[2m │ gzip:   0.58 kB[22m
[2m../../../../../var/folders/9z/5zpdwptd70v0449nq3r8jn4w0000gp/T/chromatic--93362-tpleRl1PwXgL/[22m[2massets/[22m[36mAuthenticator.stories-CShHaznZ.js     [39m[1m[2m    2.01 kB[22m[1m[22m[2m │ gzip:   0.90 kB[22m
[2m../../../../../var/folders/9z/5zpdwptd70v0449nq3r8jn4w0000gp/T/chromatic--93362-tpleRl1PwXgL/[22m[2massets/[22m[36mCarousel.stories-CVEq-rLi.js          [39m[1m[2m    2.04 kB[22m[1m[22m[2m │ gzip:   0.89 kB[22m
[2m../../../../../var/folders/9z/5zpdwptd70v0449nq3r8jn4w0000gp/T/chromatic--93362-tpleRl1PwXgL/[22m[2massets/[22m[36mDialog.stories-CnGGOsZf.js            [39m[1m[2m    2.24 kB[22m[1m[22m[2m │ gzip:   0.95 kB[22m
[2m../../../../../var/folders/9z/5zpdwptd70v0449nq3r8jn4w0000gp/T/chromatic--93362-tpleRl1PwXgL/[22m[2massets/[22m[36mDrawer.stories-BX6uGqHz.js            [39m[1m[2m    2.47 kB[22m[1m[22m[2m │ gzip:   1.05 kB[22m
[2m../../../../../var/folders/9z/5zpdwptd70v0449nq3r8jn4w0000gp/T/chromatic--93362-tpleRl1PwXgL/[22m[2massets/[22m[36mBottomSheet.stories-C3owE_gq.js       [39m[1m[2m    2.57 kB[22m[1m[22m[2m │ gzip:   1.01 kB[22m
[2m../../../../../var/folders/9z/5zpdwptd70v0449nq3r8jn4w0000gp/T/chromatic--93362-tpleRl1PwXgL/[22m[2massets/[22m[36mAlert.stories-BmRu6F1e.js             [39m[1m[2m    2.67 kB[22m[1m[22m[2m │ gzip:   1.01 kB[22m
[2m../../../../../var/folders/9z/5zpdwptd70v0449nq3r8jn4w0000gp/T/chromatic--93362-tpleRl1PwXgL/[22m[2massets/[22m[36mchevronRight-Ba1E_AOs.js              [39m[1m[2m    2.75 kB[22m[1m[22m[2m │ gzip:   1.25 kB[22m
[2m../../../../../var/folders/9z/5zpdwptd70v0449nq3r8jn4w0000gp/T/chromatic--93362-tpleRl1PwXgL/[22m[2massets/[22m[36mstarIcon-Bd4NHJf_.js                  [39m[1m[2m    2.99 kB[22m[1m[22m[2m │ gzip:   1.37 kB[22m
[2m../../../../../var/folders/9z/5zpdwptd70v0449nq3r8jn4w0000gp/T/chromatic--93362-tpleRl1PwXgL/[22m[2massets/[22m[36mAvatar.stories-DF_YKVJg.js            [39m[1m[2m    3.28 kB[22m[1m[22m[2m │ gzip:   1.64 kB[22m
[2m../../../../../var/folders/9z/5zpdwptd70v0449nq3r8jn4w0000gp/T/chromatic--93362-tpleRl1PwXgL/[22m[2massets/[22m[36mgettingStarted-D5C2zo3q.js            [39m[1m[2m    8.78 kB[22m[1m[22m[2m │ gzip:   2.46 kB[22m
[2m../../../../../var/folders/9z/5zpdwptd70v0449nq3r8jn4w0000gp/T/chromatic--93362-tpleRl1PwXgL/[22m[36mvite-inject-mocker-entry.js                  [39m[1m[2m   28.76 kB[22m[1m[22m[2m │ gzip:  10.00 kB[22m
[2m../../../../../var/folders/9z/5zpdwptd70v0449nq3r8jn4w0000gp/T/chromatic--93362-tpleRl1PwXgL/[22m[2massets/[22m[36mColor-AVL7NMMY-CDWEh7Sr.js            [39m[1m[2m   29.09 kB[22m[1m[22m[2m │ gzip:  10.98 kB[22m
[2m../../../../../var/folders/9z/5zpdwptd70v0449nq3r8jn4w0000gp/T/chromatic--93362-tpleRl1PwXgL/[22m[2massets/[22m[36mmatchers-7Z3WT2CE-CcSi9QFY.js         [39m[1m[2m   29.66 kB[22m[1m[22m[2m │ gzip:  10.29 kB[22m
[2m../../../../../var/folders/9z/5zpdwptd70v0449nq3r8jn4w0000gp/T/chromatic--93362-tpleRl1PwXgL/[22m[2massets/[22m[36mDocsRenderer-PQXLIZUC-GlBUSiaw.js     [39m[1m[2m  175.58 kB[22m[1m[22m[2m │ gzip:  55.77 kB[22m
[2m../../../../../var/folders/9z/5zpdwptd70v0449nq3r8jn4w0000gp/T/chromatic--93362-tpleRl1PwXgL/[22m[2massets/[22m[36maxe-DXbHRhhm.js                       [39m[1m[33m  572.23 kB[39m[22m[2m │ gzip: 158.00 kB[22m
[2m../../../../../var/folders/9z/5zpdwptd70v0449nq3r8jn4w0000gp/T/chromatic--93362-tpleRl1PwXgL/[22m[2massets/[22m[36miframe-CUUNOLBU.js                    [39m[1m[33m1,628.53 kB[39m[22m[2m │ gzip: 480.30 kB[22m
[32m✓ built in 3.07s[39m
info => Output directory: /var/folders/9z/5zpdwptd70v0449nq3r8jn4w0000gp/T/chromatic--93362-tpleRl1PwXgL
